<?xml version="1.0" encoding="UTF-8"?>
<!-- Generated by org.testng.reporters.JUnitXMLReporter -->
<testsuite hostname="root.local" failures="9" tests="35" name="RestAssureTestSuite" time="35.697" errors="0" timestamp="10 May 2020 04:34:01 GMT">
  <testcase classname="com.RestAssured.SDET.TestCase.T001_GET_Request" name="getWeatherDetails" time="1.268"/>
  <testcase classname="com.RestAssured.SDET.TestCase.T002_POST_Request" name="postWeatherDetails" time="0.249">
    <failure type="java.lang.AssertionError" message="expected [201] but found [200]">
      <![CDATA[java.lang.AssertionError: expected [201] but found [200]
	at com.RestAssured.SDET.TestCase.T002_POST_Request.postWeatherDetails(T002_POST_Request.java:43)
... Removed 30 stack frames]]>
    </failure>
  </testcase> <!-- postWeatherDetails -->
  <testcase classname="com.RestAssured.SDET.TestCase.T003_GET_Request" name="getGoogleMapTest" time="0.863"/>
  <testcase classname="com.RestAssured.SDET.TestCase.T004_GET_All_Headers" name="getWeatherDetails" time="0.192"/>
  <testcase classname="com.RestAssured.SDET.TestCase.T005_GET_JSON_RESPONSE" name="getWeatherDetails" time="0.304"/>
  <testcase classname="com.RestAssured.SDET.TestCase.T006_GET_ExtractValueofEachNode_JSON" name="getWeatherDetailsJOSN" time="0.556">
    <failure type="java.lang.AssertionError" message="expected [340 Degree] but found [120 Degree]">
      <![CDATA[java.lang.AssertionError: expected [340 Degree] but found [120 Degree]
	at com.RestAssured.SDET.TestCase.T006_GET_ExtractValueofEachNode_JSON.getWeatherDetailsJOSN(T006_GET_ExtractValueofEachNode_JSON.java:33)
... Removed 29 stack frames]]>
    </failure>
  </testcase> <!-- getWeatherDetailsJOSN -->
  <testcase classname="com.RestAssured.SDET.TestCase.T007_GET_Autherization" name="AuthorizationTest" time="0.209"/>
  <testcase classname="com.RestAssured.SDET.TestCase.TC001_Get_All_Employees" name="checkContaintType" time="0.002"/>
  <testcase classname="com.RestAssured.SDET.TestCase.TC001_Get_All_Employees" name="checkContentLength" time="0.001"/>
  <testcase classname="com.RestAssured.SDET.TestCase.TC001_Get_All_Employees" name="checkResponseBody" time="0.002"/>
  <testcase classname="com.RestAssured.SDET.TestCase.TC001_Get_All_Employees" name="checkResponseTime" time="0.001"/>
  <testcase classname="com.RestAssured.SDET.TestCase.TC001_Get_All_Employees" name="checkServerType" time="0.001"/>
  <testcase classname="com.RestAssured.SDET.TestCase.TC001_Get_All_Employees" name="checkStatusCode" time="0.001"/>
  <testcase classname="com.RestAssured.SDET.TestCase.TC001_Get_All_Employees" name="checkStatusLine" time="0.0"/>
  <testcase classname="com.RestAssured.SDET.TestCase.TC001_Get_All_Employees" name="checkingEncoding" time="0.002"/>
  <testcase classname="com.RestAssured.SDET.TestCase.TC001_Get_All_Employees" name="getCookies" time="0.001"/>
  <testcase classname="com.RestAssured.SDET.TestCase.TC001_Get_All_Employees" name="tearDown" time="0.001"/>
  <testcase classname="com.RestAssured.SDET.TestCase.TC002_Get_Single_Employee_Record" name="checkContentType" time="0.002">
    <failure type="java.lang.AssertionError" message="expected [text/html;charset=UTF-8] but found [application/json;charset=utf-8]">
      <![CDATA[java.lang.AssertionError: expected [text/html;charset=UTF-8] but found [application/json;charset=utf-8]
	at com.RestAssured.SDET.TestCase.TC002_Get_Single_Employee_Record.checkContentType(TC002_Get_Single_Employee_Record.java:81)
... Removed 30 stack frames]]>
    </failure>
  </testcase> <!-- checkContentType -->
  <testcase classname="com.RestAssured.SDET.TestCase.TC002_Get_Single_Employee_Record" name="checkResponseBody" time="0.001">
    <failure type="java.lang.AssertionError" message="expected [true] but found [false]">
      <![CDATA[java.lang.AssertionError: expected [true] but found [false]
	at com.RestAssured.SDET.TestCase.TC002_Get_Single_Employee_Record.checkResponseBody(TC002_Get_Single_Employee_Record.java:30)
... Removed 30 stack frames]]>
    </failure>
  </testcase> <!-- checkResponseBody -->
  <testcase classname="com.RestAssured.SDET.TestCase.TC002_Get_Single_Employee_Record" name="checkResponseTime" time="0.001"/>
  <testcase classname="com.RestAssured.SDET.TestCase.TC002_Get_Single_Employee_Record" name="checkServerType" time="0.001"/>
  <testcase classname="com.RestAssured.SDET.TestCase.TC002_Get_Single_Employee_Record" name="checkStatusCode" time="0.001">
    <failure type="java.lang.AssertionError" message="expected [200] but found [400]">
      <![CDATA[java.lang.AssertionError: expected [200] but found [400]
	at com.RestAssured.SDET.TestCase.TC002_Get_Single_Employee_Record.checkStatusCode(TC002_Get_Single_Employee_Record.java:40)
... Removed 30 stack frames]]>
    </failure>
  </testcase> <!-- checkStatusCode -->
  <testcase classname="com.RestAssured.SDET.TestCase.TC002_Get_Single_Employee_Record" name="checkStatusLine" time="0.001">
    <failure type="java.lang.AssertionError" message="expected [HTTP/1.1 200 OK] but found [HTTP/1.1 400 Bad Request]">
      <![CDATA[java.lang.AssertionError: expected [HTTP/1.1 200 OK] but found [HTTP/1.1 400 Bad Request]
	at com.RestAssured.SDET.TestCase.TC002_Get_Single_Employee_Record.checkStatusLine(TC002_Get_Single_Employee_Record.java:50)
... Removed 30 stack frames]]>
    </failure>
  </testcase> <!-- checkStatusLine -->
  <testcase classname="com.RestAssured.SDET.TestCase.TC002_Get_Single_Employee_Record" name="checkingEncoding" time="0.001">
    <failure type="java.lang.AssertionError" message="expected [gzip] but found [null]">
      <![CDATA[java.lang.AssertionError: expected [gzip] but found [null]
	at com.RestAssured.SDET.TestCase.TC002_Get_Single_Employee_Record.checkingEncoding(TC002_Get_Single_Employee_Record.java:90)
... Removed 30 stack frames]]>
    </failure>
  </testcase> <!-- checkingEncoding -->
  <testcase classname="com.RestAssured.SDET.TestCase.TC002_Get_Single_Employee_Record" name="getCookies" time="0.0"/>
  <testcase classname="com.RestAssured.SDET.TestCase.TC002_Get_Single_Employee_Record" name="tearDown" time="0.0"/>
  <testcase classname="com.RestAssured.SDET.TestCase.TC003_Post_Employee_Record" name="checkContaintType" time="0.002"/>
  <testcase classname="com.RestAssured.SDET.TestCase.TC003_Post_Employee_Record" name="checkResponseBody" time="0.0">
    <failure type="java.lang.AssertionError" message="expected [true] but found [{&amp;quot;status&amp;quot;:&amp;quot;success&amp;quot;,&amp;quot;data&amp;quot;:{&amp;quot;name&amp;quot;:&amp;quot;Johng&amp;quot;,&amp;quot;salary&amp;quot;:&amp;quot;77202&amp;quot;,&amp;quot;age&amp;quot;:&amp;quot;92&amp;quot;,&amp;quot;id&amp;quot;:65}}77202]">
      <![CDATA[java.lang.AssertionError: expected [true] but found [{"status":"success","data":{"name":"Johng","salary":"77202","age":"92","id":65}}77202]
	at com.RestAssured.SDET.TestCase.TC003_Post_Employee_Record.checkResponseBody(TC003_Post_Employee_Record.java:55)
... Removed 29 stack frames]]>
    </failure>
  </testcase> <!-- checkResponseBody -->
  <testcase classname="com.RestAssured.SDET.TestCase.TC003_Post_Employee_Record" name="checkServerType" time="0.001"/>
  <testcase classname="com.RestAssured.SDET.TestCase.TC003_Post_Employee_Record" name="checkStatusCode" time="0.001"/>
  <testcase classname="com.RestAssured.SDET.TestCase.TC003_Post_Employee_Record" name="checkStatusLine" time="0.001"/>
  <testcase classname="com.RestAssured.SDET.TestCase.TC003_Post_Employee_Record" name="tearDown" time="0.001"/>
  <testcase classname="com.RestAssured.SDET.TestCase.TC004_Put_Employee_Record" name="checkResponseBody" time="0.001">
    <failure type="java.lang.AssertionError" message="expected [true] but found [false]">
      <![CDATA[java.lang.AssertionError: expected [true] but found [false]
	at com.RestAssured.SDET.TestCase.TC004_Put_Employee_Record.checkResponseBody(TC004_Put_Employee_Record.java:51)
... Removed 30 stack frames]]>
    </failure>
  </testcase> <!-- checkResponseBody -->
  <testcase classname="com.RestAssured.SDET.TestCase.TC004_Put_Employee_Record" name="checkStatusCode" time="0.001"/>
  <testcase classname="com.RestAssured.SDET.TestCase.TC004_Put_Employee_Record" name="checkStatusLine" time="0.001"/>
</testsuite> <!-- RestAssureTestSuite -->
