<?xml version="1.0" encoding="UTF-8"?>
<!-- Generated by org.testng.reporters.JUnitXMLReporter -->
<testsuite ignored="0" hostname="root.local" failures="0" tests="10" name="Default test" time="10.068" errors="0" timestamp="2020-04-20T00:31:47 EDT">
  <testcase classname="com.RestAssured.SDET.TestCase.TC001_Get_All_Employees" name="checkContaintType" time="0.006"/>
  <testcase classname="com.RestAssured.SDET.TestCase.TC001_Get_All_Employees" name="checkContentLength" time="0.002"/>
  <testcase classname="com.RestAssured.SDET.TestCase.TC001_Get_All_Employees" name="checkResponseBody" time="0.02"/>
  <testcase classname="com.RestAssured.SDET.TestCase.TC001_Get_All_Employees" name="checkResponseTime" time="0.001"/>
  <testcase classname="com.RestAssured.SDET.TestCase.TC001_Get_All_Employees" name="checkServerType" time="0.001"/>
  <testcase classname="com.RestAssured.SDET.TestCase.TC001_Get_All_Employees" name="checkStatusCode" time="0.001"/>
  <testcase classname="com.RestAssured.SDET.TestCase.TC001_Get_All_Employees" name="checkStatusLine" time="0.001"/>
  <testcase classname="com.RestAssured.SDET.TestCase.TC001_Get_All_Employees" name="checkingEncoding" time="0.002"/>
  <testcase classname="com.RestAssured.SDET.TestCase.TC001_Get_All_Employees" name="getCookies" time="0.002"/>
  <testcase classname="com.RestAssured.SDET.TestCase.TC001_Get_All_Employees" name="tearDown" time="0.001"/>
</testsuite> <!-- Default test -->
