<?xml version="1.0" encoding="UTF-8"?>
<!-- Generated by org.testng.reporters.JUnitXMLReporter -->
<testsuite ignored="0" hostname="root.local" failures="0" tests="9" name="Default test" time="6.362" errors="0" timestamp="2020-04-01T01:52:11 EDT">
  <testcase classname="dataDriveTest.DataDrivenTest_POI" name="addPostNewEmpoyee" time="1.431"/>
  <testcase classname="dataDriveTest.DataDrivenTest_POI" name="addPostNewEmpoyee" time="0.53"/>
  <testcase classname="dataDriveTest.DataDrivenTest_POI" name="addPostNewEmpoyee" time="0.445"/>
  <testcase classname="dataDriveTest.DataDrivenTest_POI" name="addPostNewEmpoyee" time="0.578"/>
  <testcase classname="dataDriveTest.DataDrivenTest_POI" name="addPostNewEmpoyee" time="0.509"/>
  <testcase classname="dataDriveTest.DataDrivenTest_POI" name="addPostNewEmpoyee" time="0.511"/>
  <testcase classname="dataDriveTest.DataDrivenTest_POI" name="addPostNewEmpoyee" time="0.511"/>
  <testcase classname="dataDriveTest.DataDrivenTest_POI" name="addPostNewEmpoyee" time="0.512"/>
  <testcase classname="dataDriveTest.DataDrivenTest_POI" name="addPostNewEmpoyee" time="0.436"/>
</testsuite> <!-- Default test -->
