<?xml version="1.0" encoding="UTF-8"?>
<testng-results ignored="0" total="10" passed="10" failed="0" skipped="0">
  <reporter-output>
  </reporter-output>
  <suite started-at="2020-04-20T00:31:32 EDT" name="Default suite" finished-at="2020-04-20T00:31:42 EDT" duration-ms="10068">
    <groups>
    </groups>
    <test started-at="2020-04-20T00:31:32 EDT" name="Default test" finished-at="2020-04-20T00:31:42 EDT" duration-ms="10068">
      <class name="com.RestAssured.SDET.TestCase.TC001_Get_All_Employees">
        <test-method is-config="true" signature="setup()[pri:0, instance:com.RestAssured.SDET.TestCase.TC001_Get_All_Employees@68267da0]" started-at="2020-04-20T00:31:32 EDT" name="setup" finished-at="2020-04-20T00:31:32 EDT" duration-ms="81" status="PASS">
          <reporter-output>
          </reporter-output>
        </test-method> <!-- setup -->
        <test-method is-config="true" signature="getAllEmployees()[pri:0, instance:com.RestAssured.SDET.TestCase.TC001_Get_All_Employees@68267da0]" started-at="2020-04-20T00:31:32 EDT" name="getAllEmployees" finished-at="2020-04-20T00:31:42 EDT" duration-ms="9918" status="PASS">
          <reporter-output>
          </reporter-output>
        </test-method> <!-- getAllEmployees -->
        <test-method signature="checkContaintType()[pri:0, instance:com.RestAssured.SDET.TestCase.TC001_Get_All_Employees@68267da0]" started-at="2020-04-20T00:31:42 EDT" name="checkContaintType" finished-at="2020-04-20T00:31:42 EDT" duration-ms="6" status="PASS">
          <reporter-output>
          </reporter-output>
        </test-method> <!-- checkContaintType -->
        <test-method signature="checkContentLength()[pri:0, instance:com.RestAssured.SDET.TestCase.TC001_Get_All_Employees@68267da0]" started-at="2020-04-20T00:31:42 EDT" name="checkContentLength" finished-at="2020-04-20T00:31:42 EDT" duration-ms="2" status="PASS">
          <reporter-output>
          </reporter-output>
        </test-method> <!-- checkContentLength -->
        <test-method signature="checkResponseBody()[pri:0, instance:com.RestAssured.SDET.TestCase.TC001_Get_All_Employees@68267da0]" started-at="2020-04-20T00:31:42 EDT" name="checkResponseBody" finished-at="2020-04-20T00:31:42 EDT" duration-ms="20" status="PASS">
          <reporter-output>
          </reporter-output>
        </test-method> <!-- checkResponseBody -->
        <test-method signature="checkResponseTime()[pri:0, instance:com.RestAssured.SDET.TestCase.TC001_Get_All_Employees@68267da0]" started-at="2020-04-20T00:31:42 EDT" name="checkResponseTime" finished-at="2020-04-20T00:31:42 EDT" duration-ms="1" status="PASS">
          <reporter-output>
          </reporter-output>
        </test-method> <!-- checkResponseTime -->
        <test-method signature="checkServerType()[pri:0, instance:com.RestAssured.SDET.TestCase.TC001_Get_All_Employees@68267da0]" started-at="2020-04-20T00:31:42 EDT" name="checkServerType" finished-at="2020-04-20T00:31:42 EDT" duration-ms="1" status="PASS">
          <reporter-output>
          </reporter-output>
        </test-method> <!-- checkServerType -->
        <test-method signature="checkStatusCode()[pri:0, instance:com.RestAssured.SDET.TestCase.TC001_Get_All_Employees@68267da0]" started-at="2020-04-20T00:31:42 EDT" name="checkStatusCode" finished-at="2020-04-20T00:31:42 EDT" duration-ms="1" status="PASS">
          <reporter-output>
          </reporter-output>
        </test-method> <!-- checkStatusCode -->
        <test-method signature="checkStatusLine()[pri:0, instance:com.RestAssured.SDET.TestCase.TC001_Get_All_Employees@68267da0]" started-at="2020-04-20T00:31:42 EDT" name="checkStatusLine" finished-at="2020-04-20T00:31:42 EDT" duration-ms="1" status="PASS">
          <reporter-output>
          </reporter-output>
        </test-method> <!-- checkStatusLine -->
        <test-method signature="checkingEncoding()[pri:0, instance:com.RestAssured.SDET.TestCase.TC001_Get_All_Employees@68267da0]" started-at="2020-04-20T00:31:42 EDT" name="checkingEncoding" finished-at="2020-04-20T00:31:42 EDT" duration-ms="2" status="PASS">
          <reporter-output>
          </reporter-output>
        </test-method> <!-- checkingEncoding -->
        <test-method signature="getCookies()[pri:0, instance:com.RestAssured.SDET.TestCase.TC001_Get_All_Employees@68267da0]" started-at="2020-04-20T00:31:42 EDT" name="getCookies" finished-at="2020-04-20T00:31:42 EDT" duration-ms="2" status="PASS">
          <reporter-output>
          </reporter-output>
        </test-method> <!-- getCookies -->
        <test-method signature="tearDown()[pri:0, instance:com.RestAssured.SDET.TestCase.TC001_Get_All_Employees@68267da0]" started-at="2020-04-20T00:31:42 EDT" name="tearDown" finished-at="2020-04-20T00:31:42 EDT" duration-ms="1" status="PASS">
          <reporter-output>
          </reporter-output>
        </test-method> <!-- tearDown -->
      </class> <!-- com.RestAssured.SDET.TestCase.TC001_Get_All_Employees -->
    </test> <!-- Default test -->
  </suite> <!-- Default suite -->
</testng-results>
